<?xml version="1.0" encoding="UTF-8"?>
<!-- Generated by org.testng.reporters.JUnitXMLReporter -->
<testsuite hostname="DESKTOP-NNSFGLU" ignored="0" name="Test" tests="6" failures="1" timestamp="2020-05-05T03:15:03 IST" time="43.709" errors="0">
  <testcase name="login" time="10.191" classname="testCase.LoginTest"/>
  <testcase name="login" time="8.022" classname="testCase.LoginTest"/>
  <testcase name="login" time="10.739" classname="testCase.LoginTest"/>
  <testcase name="getHompage" time="2.703" classname="testCase.DemoTest"/>
  <testcase name="getLinkcount" time="0.057" classname="testCase.DemoTest"/>
  <testcase name="clickLogin" time="5.794" classname="testCase.DemoTest">
    <failure type="java.lang.AssertionError" message="expected [Rahul Shetty Academys] but found [Rahul Shetty Academy]">
      <![CDATA[java.lang.AssertionError: expected [Rahul Shetty Academys] but found [Rahul Shetty Academy]
at testCase.DemoTest.clickLogin(DemoTest.java:32)
at java.util.ArrayList.forEach(ArrayList.java:1257)
at java.util.concurrent.FutureTask.run(FutureTask.java:266)
at java.util.concurrent.ThreadPoolExecutor.runWorker(ThreadPoolExecutor.java:1149)
at java.util.concurrent.ThreadPoolExecutor$Worker.run(ThreadPoolExecutor.java:624)
at java.lang.Thread.run(Thread.java:748)
... Removed 23 stack frames]]>
    </failure>
  </testcase> <!-- clickLogin -->
</testsuite> <!-- Test -->
